<?xml version="1.0" encoding="UTF-8"?>
<!-- Generated by org.testng.reporters.JUnitReportReporter -->
<testsuite skipped="0" hostname="DESKTOP-KBKOPOV" name="org.testing.testscripts.TC6" tests="1" failures="0" timestamp="2022-05-29T00:38:01 IST" time="43.595" errors="0">
  <testcase name="test" time="43.595" classname="org.testing.testscripts.TC6"/>
  <system-out/>
</testsuite> <!-- org.testing.testscripts.TC6 -->
