<?xml version="1.0" encoding="UTF-8"?>
<!-- Generated by org.testng.reporters.JUnitReportReporter -->
<testsuite skipped="0" hostname="DESKTOP-KBKOPOV" name="org.testing.testscripts.TC5" tests="1" failures="0" timestamp="2022-05-29T00:38:01 IST" time="38.107" errors="0">
  <testcase name="test" time="38.107" classname="org.testing.testscripts.TC5"/>
  <system-out/>
</testsuite> <!-- org.testing.testscripts.TC5 -->
