<?xml version="1.0" encoding="UTF-8"?>
<!-- Generated by org.testng.reporters.JUnitReportReporter -->
<testsuite skipped="0" hostname="DESKTOP-KBKOPOV" name="org.testing.testscripts.Class1AllAnnotations" tests="3" failures="0" timestamp="2022-04-30T17:52:09 IST" time="0.013" errors="0">
  <testcase name="test" time="0.003" classname="org.testing.testscripts.Class1AllAnnotations"/>
  <system-out/>
  <testcase name="test2" time="0.007" classname="org.testing.testscripts.Class1AllAnnotations"/>
  <system-out/>
  <testcase name="test1" time="0.003" classname="org.testing.testscripts.Class1AllAnnotations"/>
  <system-out/>
</testsuite> <!-- org.testing.testscripts.Class1AllAnnotations -->
