<?xml version="1.0" encoding="UTF-8"?>
<!-- Generated by org.testng.reporters.JUnitReportReporter -->
<testsuite skipped="0" hostname="DESKTOP-KBKOPOV" name="org.testing.testscripts.TC4" tests="1" failures="0" timestamp="2022-05-29T00:22:25 IST" time="35.330" errors="0">
  <testcase name="test" time="35.330" classname="org.testing.testscripts.TC4"/>
  <system-out/>
</testsuite> <!-- org.testing.testscripts.TC4 -->
