<?xml version="1.0" encoding="UTF-8"?>
<!-- Generated by org.testng.reporters.JUnitReportReporter -->
<testsuite skipped="1" hostname="DESKTOP-KBKOPOV" name="org.testing.testscripts.Class1AllAnnotations" tests="4" failures="0" timestamp="2022-07-17T21:32:14 IST" time="0.014" errors="0">
  <testcase name="test" time="0.002" classname="org.testing.testscripts.Class1AllAnnotations"/>
  <system-out/>
  <testcase name="test2" time="0.007" classname="org.testing.testscripts.Class1AllAnnotations"/>
  <system-out/>
  <testcase name="test1" time="0.005" classname="org.testing.testscripts.Class1AllAnnotations"/>
  <system-out/>
  <testcase name="test3" classname="org.testing.testscripts.Class1AllAnnotations">
    <skipped/>
  </testcase> <!-- test3 -->
  <system-out/>
</testsuite> <!-- org.testing.testscripts.Class1AllAnnotations -->
