<?xml version="1.0" encoding="UTF-8"?>
<!-- Generated by org.testng.reporters.JUnitReportReporter -->
<testsuite hostname="DESKTOP-KBKOPOV" name="pkg1.TC1" tests="1" failures="0" timestamp="17 Jul 2022 15:41:33 GMT" time="0.017" errors="0">
  <testcase name="testcase1" time="0.017" classname="pkg1.TC1"/>
</testsuite> <!-- pkg1.TC1 -->
